<?xml version="1.0" encoding="UTF-8"?>
<testng-results ignored="0" total="8" passed="6" failed="2" skipped="0">
  <reporter-output>
  </reporter-output>
  <suite started-at="2023-01-27T10:50:51 IST" name="Suite" finished-at="2023-01-27T10:57:20 IST" duration-ms="389058">
    <groups>
    </groups>
    <test started-at="2023-01-27T10:50:51 IST" name="Test1" finished-at="2023-01-27T10:54:45 IST" duration-ms="233792">
      <class name="OrangeHRMTestNG.OrangeHRMAdmin">
        <test-method signature="Admin(java.lang.String,java.lang.String)[pri:0, instance:OrangeHRMTestNG.OrangeHRMAdmin@2925bf5b]" started-at="2023-01-27T10:50:52 IST" name="Admin" data-provider="excel-data" finished-at="2023-01-27T10:52:07 IST" duration-ms="75489" status="FAIL">
          <params>
            <param index="0">
              <value>
                <![CDATA[abhi_ashu]]>
              </value>
            </param>
            <param index="1">
              <value>
                <![CDATA[Cisco@9176]]>
              </value>
            </param>
          </params>
          <exception class="org.openqa.selenium.NoSuchElementException">
            <message>
              <![CDATA[no such element: Unable to locate element: {"method":"xpath","selector":"//b[text()='Admin']"}
  (Session info: chrome=109.0.5414.87)
For documentation on this error, please visit: https://selenium.dev/exceptions/#no_such_element
Build info: version: '4.2.0', revision: '86eb611648'
System info: host: 'Abhisheks-MacBook-Air.local', ip: 'fe80:0:0:0:14f6:3f35:f7c8:d530%en0', os.name: 'Mac OS X', os.arch: 'aarch64', os.version: '13.0', java.version: '17.0.2'
Driver info: org.openqa.selenium.chrome.ChromeDriver
Command: [52a8498796dabd2834c9869af0f3c76c, findElement {using=xpath, value=//b[text()='Admin']}]
Capabilities {acceptInsecureCerts: false, browserName: chrome, browserVersion: 109.0.5414.87, chrome: {chromedriverVersion: 108.0.5359.71 (1e0e3868ee06..., userDataDir: /var/folders/qh/glk5smyd4p9...}, goog:chromeOptions: {debuggerAddress: localhost:62857}, javascriptEnabled: true, networkConnectionEnabled: false, pageLoadStrategy: normal, platform: MAC, platformName: MAC, proxy: Proxy(), se:cdp: ws://localhost:62857/devtoo..., se:cdpVersion: 109.0.5414.87, setWindowRect: true, strictFileInteractability: false, timeouts: {implicit: 0, pageLoad: 300000, script: 30000}, unhandledPromptBehavior: dismiss and notify, webauthn:extension:credBlob: true, webauthn:extension:largeBlob: true, webauthn:virtualAuthenticators: true}
Session ID: 52a8498796dabd2834c9869af0f3c76c]]>
            </message>
            <full-stacktrace>
              <![CDATA[org.openqa.selenium.NoSuchElementException: no such element: Unable to locate element: {"method":"xpath","selector":"//b[text()='Admin']"}
  (Session info: chrome=109.0.5414.87)
For documentation on this error, please visit: https://selenium.dev/exceptions/#no_such_element
Build info: version: '4.2.0', revision: '86eb611648'
System info: host: 'Abhisheks-MacBook-Air.local', ip: 'fe80:0:0:0:14f6:3f35:f7c8:d530%en0', os.name: 'Mac OS X', os.arch: 'aarch64', os.version: '13.0', java.version: '17.0.2'
Driver info: org.openqa.selenium.chrome.ChromeDriver
Command: [52a8498796dabd2834c9869af0f3c76c, findElement {using=xpath, value=//b[text()='Admin']}]
Capabilities {acceptInsecureCerts: false, browserName: chrome, browserVersion: 109.0.5414.87, chrome: {chromedriverVersion: 108.0.5359.71 (1e0e3868ee06..., userDataDir: /var/folders/qh/glk5smyd4p9...}, goog:chromeOptions: {debuggerAddress: localhost:62857}, javascriptEnabled: true, networkConnectionEnabled: false, pageLoadStrategy: normal, platform: MAC, platformName: MAC, proxy: Proxy(), se:cdp: ws://localhost:62857/devtoo..., se:cdpVersion: 109.0.5414.87, setWindowRect: true, strictFileInteractability: false, timeouts: {implicit: 0, pageLoad: 300000, script: 30000}, unhandledPromptBehavior: dismiss and notify, webauthn:extension:credBlob: true, webauthn:extension:largeBlob: true, webauthn:virtualAuthenticators: true}
Session ID: 52a8498796dabd2834c9869af0f3c76c
at java.base/jdk.internal.reflect.NativeConstructorAccessorImpl.newInstance0(Native Method)
at java.base/jdk.internal.reflect.NativeConstructorAccessorImpl.newInstance(NativeConstructorAccessorImpl.java:77)
at java.base/jdk.internal.reflect.DelegatingConstructorAccessorImpl.newInstance(DelegatingConstructorAccessorImpl.java:45)
at java.base/java.lang.reflect.Constructor.newInstanceWithCaller(Constructor.java:499)
at java.base/java.lang.reflect.Constructor.newInstance(Constructor.java:480)
at org.openqa.selenium.remote.codec.w3c.W3CHttpResponseCodec.createException(W3CHttpResponseCodec.java:200)
at org.openqa.selenium.remote.codec.w3c.W3CHttpResponseCodec.decode(W3CHttpResponseCodec.java:133)
at org.openqa.selenium.remote.codec.w3c.W3CHttpResponseCodec.decode(W3CHttpResponseCodec.java:53)
at org.openqa.selenium.remote.HttpCommandExecutor.execute(HttpCommandExecutor.java:184)
at org.openqa.selenium.remote.service.DriverCommandExecutor.invokeExecute(DriverCommandExecutor.java:167)
at org.openqa.selenium.remote.service.DriverCommandExecutor.execute(DriverCommandExecutor.java:142)
at org.openqa.selenium.remote.RemoteWebDriver.execute(RemoteWebDriver.java:566)
at org.openqa.selenium.remote.ElementLocation$ElementFinder$2.findElement(ElementLocation.java:162)
at org.openqa.selenium.remote.ElementLocation.findElement(ElementLocation.java:60)
at org.openqa.selenium.remote.RemoteWebDriver.findElement(RemoteWebDriver.java:384)
at org.openqa.selenium.remote.RemoteWebDriver.findElement(RemoteWebDriver.java:376)
at OrangeHRMTestNG.OrangeHRMTest.admin(OrangeHRMTest.java:135)
at OrangeHRMTestNG.OrangeHRMAdmin.Admin(OrangeHRMAdmin.java:139)
at java.base/jdk.internal.reflect.NativeMethodAccessorImpl.invoke0(Native Method)
at java.base/jdk.internal.reflect.NativeMethodAccessorImpl.invoke(NativeMethodAccessorImpl.java:77)
at java.base/jdk.internal.reflect.DelegatingMethodAccessorImpl.invoke(DelegatingMethodAccessorImpl.java:43)
at java.base/java.lang.reflect.Method.invoke(Method.java:568)
at org.testng.internal.invokers.MethodInvocationHelper.invokeMethod(MethodInvocationHelper.java:139)
at org.testng.internal.invokers.TestInvoker.invokeMethod(TestInvoker.java:677)
at org.testng.internal.invokers.TestInvoker.invokeTestMethod(TestInvoker.java:221)
at org.testng.internal.invokers.MethodRunner.runInSequence(MethodRunner.java:50)
at org.testng.internal.invokers.TestInvoker$MethodInvocationAgent.invoke(TestInvoker.java:962)
at org.testng.internal.invokers.TestInvoker.invokeTestMethods(TestInvoker.java:194)
at org.testng.internal.invokers.TestMethodWorker.invokeTestMethods(TestMethodWorker.java:148)
at org.testng.internal.invokers.TestMethodWorker.run(TestMethodWorker.java:128)
at java.base/java.util.ArrayList.forEach(ArrayList.java:1511)
at org.testng.TestRunner.privateRun(TestRunner.java:806)
at org.testng.TestRunner.run(TestRunner.java:601)
at org.testng.SuiteRunner.runTest(SuiteRunner.java:433)
at org.testng.SuiteRunner.runSequentially(SuiteRunner.java:427)
at org.testng.SuiteRunner.privateRun(SuiteRunner.java:387)
at org.testng.SuiteRunner.run(SuiteRunner.java:330)
at org.testng.SuiteRunnerWorker.runSuite(SuiteRunnerWorker.java:52)
at org.testng.SuiteRunnerWorker.run(SuiteRunnerWorker.java:95)
at org.testng.TestNG.runSuitesSequentially(TestNG.java:1256)
at org.testng.TestNG.runSuitesLocally(TestNG.java:1176)
at org.testng.TestNG.runSuites(TestNG.java:1099)
at org.testng.TestNG.run(TestNG.java:1067)
at org.testng.remote.AbstractRemoteTestNG.run(AbstractRemoteTestNG.java:115)
at org.testng.remote.RemoteTestNG.initAndRun(RemoteTestNG.java:251)
at org.testng.remote.RemoteTestNG.main(RemoteTestNG.java:77)
]]>
            </full-stacktrace>
          </exception> <!-- org.openqa.selenium.NoSuchElementException -->
          <reporter-output>
          </reporter-output>
        </test-method> <!-- Admin -->
        <test-method signature="Admin(java.lang.String,java.lang.String)[pri:0, instance:OrangeHRMTestNG.OrangeHRMAdmin@2925bf5b]" started-at="2023-01-27T10:52:07 IST" name="Admin" data-provider="excel-data" finished-at="2023-01-27T10:53:22 IST" duration-ms="74620" status="FAIL">
          <params>
            <param index="0">
              <value>
                <![CDATA[Abhi12]]>
              </value>
            </param>
            <param index="1">
              <value>
                <![CDATA[Abhi@12march]]>
              </value>
            </param>
          </params>
          <exception class="org.openqa.selenium.NoSuchElementException">
            <message>
              <![CDATA[no such element: Unable to locate element: {"method":"xpath","selector":"//b[text()='Admin']"}
  (Session info: chrome=109.0.5414.87)
For documentation on this error, please visit: https://selenium.dev/exceptions/#no_such_element
Build info: version: '4.2.0', revision: '86eb611648'
System info: host: 'Abhisheks-MacBook-Air.local', ip: 'fe80:0:0:0:14f6:3f35:f7c8:d530%en0', os.name: 'Mac OS X', os.arch: 'aarch64', os.version: '13.0', java.version: '17.0.2'
Driver info: org.openqa.selenium.chrome.ChromeDriver
Command: [52a8498796dabd2834c9869af0f3c76c, findElement {using=xpath, value=//b[text()='Admin']}]
Capabilities {acceptInsecureCerts: false, browserName: chrome, browserVersion: 109.0.5414.87, chrome: {chromedriverVersion: 108.0.5359.71 (1e0e3868ee06..., userDataDir: /var/folders/qh/glk5smyd4p9...}, goog:chromeOptions: {debuggerAddress: localhost:62857}, javascriptEnabled: true, networkConnectionEnabled: false, pageLoadStrategy: normal, platform: MAC, platformName: MAC, proxy: Proxy(), se:cdp: ws://localhost:62857/devtoo..., se:cdpVersion: 109.0.5414.87, setWindowRect: true, strictFileInteractability: false, timeouts: {implicit: 0, pageLoad: 300000, script: 30000}, unhandledPromptBehavior: dismiss and notify, webauthn:extension:credBlob: true, webauthn:extension:largeBlob: true, webauthn:virtualAuthenticators: true}
Session ID: 52a8498796dabd2834c9869af0f3c76c]]>
            </message>
            <full-stacktrace>
              <![CDATA[org.openqa.selenium.NoSuchElementException: no such element: Unable to locate element: {"method":"xpath","selector":"//b[text()='Admin']"}
  (Session info: chrome=109.0.5414.87)
For documentation on this error, please visit: https://selenium.dev/exceptions/#no_such_element
Build info: version: '4.2.0', revision: '86eb611648'
System info: host: 'Abhisheks-MacBook-Air.local', ip: 'fe80:0:0:0:14f6:3f35:f7c8:d530%en0', os.name: 'Mac OS X', os.arch: 'aarch64', os.version: '13.0', java.version: '17.0.2'
Driver info: org.openqa.selenium.chrome.ChromeDriver
Command: [52a8498796dabd2834c9869af0f3c76c, findElement {using=xpath, value=//b[text()='Admin']}]
Capabilities {acceptInsecureCerts: false, browserName: chrome, browserVersion: 109.0.5414.87, chrome: {chromedriverVersion: 108.0.5359.71 (1e0e3868ee06..., userDataDir: /var/folders/qh/glk5smyd4p9...}, goog:chromeOptions: {debuggerAddress: localhost:62857}, javascriptEnabled: true, networkConnectionEnabled: false, pageLoadStrategy: normal, platform: MAC, platformName: MAC, proxy: Proxy(), se:cdp: ws://localhost:62857/devtoo..., se:cdpVersion: 109.0.5414.87, setWindowRect: true, strictFileInteractability: false, timeouts: {implicit: 0, pageLoad: 300000, script: 30000}, unhandledPromptBehavior: dismiss and notify, webauthn:extension:credBlob: true, webauthn:extension:largeBlob: true, webauthn:virtualAuthenticators: true}
Session ID: 52a8498796dabd2834c9869af0f3c76c
at java.base/jdk.internal.reflect.NativeConstructorAccessorImpl.newInstance0(Native Method)
at java.base/jdk.internal.reflect.NativeConstructorAccessorImpl.newInstance(NativeConstructorAccessorImpl.java:77)
at java.base/jdk.internal.reflect.DelegatingConstructorAccessorImpl.newInstance(DelegatingConstructorAccessorImpl.java:45)
at java.base/java.lang.reflect.Constructor.newInstanceWithCaller(Constructor.java:499)
at java.base/java.lang.reflect.Constructor.newInstance(Constructor.java:480)
at org.openqa.selenium.remote.codec.w3c.W3CHttpResponseCodec.createException(W3CHttpResponseCodec.java:200)
at org.openqa.selenium.remote.codec.w3c.W3CHttpResponseCodec.decode(W3CHttpResponseCodec.java:133)
at org.openqa.selenium.remote.codec.w3c.W3CHttpResponseCodec.decode(W3CHttpResponseCodec.java:53)
at org.openqa.selenium.remote.HttpCommandExecutor.execute(HttpCommandExecutor.java:184)
at org.openqa.selenium.remote.service.DriverCommandExecutor.invokeExecute(DriverCommandExecutor.java:167)
at org.openqa.selenium.remote.service.DriverCommandExecutor.execute(DriverCommandExecutor.java:142)
at org.openqa.selenium.remote.RemoteWebDriver.execute(RemoteWebDriver.java:566)
at org.openqa.selenium.remote.ElementLocation$ElementFinder$2.findElement(ElementLocation.java:162)
at org.openqa.selenium.remote.ElementLocation.findElement(ElementLocation.java:60)
at org.openqa.selenium.remote.RemoteWebDriver.findElement(RemoteWebDriver.java:384)
at org.openqa.selenium.remote.RemoteWebDriver.findElement(RemoteWebDriver.java:376)
at OrangeHRMTestNG.OrangeHRMTest.admin(OrangeHRMTest.java:135)
at OrangeHRMTestNG.OrangeHRMAdmin.Admin(OrangeHRMAdmin.java:139)
at java.base/jdk.internal.reflect.NativeMethodAccessorImpl.invoke0(Native Method)
at java.base/jdk.internal.reflect.NativeMethodAccessorImpl.invoke(NativeMethodAccessorImpl.java:77)
at java.base/jdk.internal.reflect.DelegatingMethodAccessorImpl.invoke(DelegatingMethodAccessorImpl.java:43)
at java.base/java.lang.reflect.Method.invoke(Method.java:568)
at org.testng.internal.invokers.MethodInvocationHelper.invokeMethod(MethodInvocationHelper.java:139)
at org.testng.internal.invokers.TestInvoker.invokeMethod(TestInvoker.java:677)
at org.testng.internal.invokers.TestInvoker.invokeTestMethod(TestInvoker.java:221)
at org.testng.internal.invokers.MethodRunner.runInSequence(MethodRunner.java:50)
at org.testng.internal.invokers.TestInvoker$MethodInvocationAgent.invoke(TestInvoker.java:962)
at org.testng.internal.invokers.TestInvoker.invokeTestMethods(TestInvoker.java:194)
at org.testng.internal.invokers.TestMethodWorker.invokeTestMethods(TestMethodWorker.java:148)
at org.testng.internal.invokers.TestMethodWorker.run(TestMethodWorker.java:128)
at java.base/java.util.ArrayList.forEach(ArrayList.java:1511)
at org.testng.TestRunner.privateRun(TestRunner.java:806)
at org.testng.TestRunner.run(TestRunner.java:601)
at org.testng.SuiteRunner.runTest(SuiteRunner.java:433)
at org.testng.SuiteRunner.runSequentially(SuiteRunner.java:427)
at org.testng.SuiteRunner.privateRun(SuiteRunner.java:387)
at org.testng.SuiteRunner.run(SuiteRunner.java:330)
at org.testng.SuiteRunnerWorker.runSuite(SuiteRunnerWorker.java:52)
at org.testng.SuiteRunnerWorker.run(SuiteRunnerWorker.java:95)
at org.testng.TestNG.runSuitesSequentially(TestNG.java:1256)
at org.testng.TestNG.runSuitesLocally(TestNG.java:1176)
at org.testng.TestNG.runSuites(TestNG.java:1099)
at org.testng.TestNG.run(TestNG.java:1067)
at org.testng.remote.AbstractRemoteTestNG.run(AbstractRemoteTestNG.java:115)
at org.testng.remote.RemoteTestNG.initAndRun(RemoteTestNG.java:251)
at org.testng.remote.RemoteTestNG.main(RemoteTestNG.java:77)
]]>
            </full-stacktrace>
          </exception> <!-- org.openqa.selenium.NoSuchElementException -->
          <reporter-output>
          </reporter-output>
        </test-method> <!-- Admin -->
        <test-method signature="Admin(java.lang.String,java.lang.String)[pri:0, instance:OrangeHRMTestNG.OrangeHRMAdmin@2925bf5b]" started-at="2023-01-27T10:53:22 IST" name="Admin" data-provider="excel-data" finished-at="2023-01-27T10:54:45 IST" duration-ms="83346" status="PASS">
          <params>
            <param index="0">
              <value>
                <![CDATA[simplifyadmin]]>
              </value>
            </param>
            <param index="1">
              <value>
                <![CDATA[SimplifyQA@12DB]]>
              </value>
            </param>
          </params>
          <reporter-output>
          </reporter-output>
        </test-method> <!-- Admin -->
        <test-method signature="verifyHomepageTitle()[pri:0, instance:OrangeHRMTestNG.OrangeHRMAdmin@2925bf5b]" started-at="2023-01-27T10:54:45 IST" name="verifyHomepageTitle" finished-at="2023-01-27T10:54:45 IST" duration-ms="15" status="PASS">
          <reporter-output>
          </reporter-output>
        </test-method> <!-- verifyHomepageTitle -->
      </class> <!-- OrangeHRMTestNG.OrangeHRMAdmin -->
    </test> <!-- Test1 -->
    <test started-at="2023-01-27T10:54:50 IST" name="Test2" finished-at="2023-01-27T10:56:03 IST" duration-ms="72792">
      <class name="OrangeHRMTestNG.OrangeHRMEmployee">
        <test-method signature="Employee()[pri:0, instance:OrangeHRMTestNG.OrangeHRMEmployee@291caca8]" started-at="2023-01-27T10:54:50 IST" name="Employee" finished-at="2023-01-27T10:56:03 IST" duration-ms="72769" status="PASS">
          <reporter-output>
          </reporter-output>
        </test-method> <!-- Employee -->
        <test-method signature="verifyHomepageTitle()[pri:0, instance:OrangeHRMTestNG.OrangeHRMEmployee@291caca8]" started-at="2023-01-27T10:56:03 IST" name="verifyHomepageTitle" finished-at="2023-01-27T10:56:03 IST" duration-ms="15" status="PASS">
          <reporter-output>
          </reporter-output>
        </test-method> <!-- verifyHomepageTitle -->
      </class> <!-- OrangeHRMTestNG.OrangeHRMEmployee -->
    </test> <!-- Test2 -->
    <test started-at="2023-01-27T10:56:08 IST" name="Test3" finished-at="2023-01-27T10:57:20 IST" duration-ms="72436">
      <class name="OrangeHRMTestNG.OrangeHRMAdmin">
        <test-method is-config="true" signature="launchBrowser()[pri:0, instance:OrangeHRMTestNG.OrangeHRMAdmin@2925bf5b]" started-at="2023-01-27T10:50:40 IST" name="launchBrowser" finished-at="2023-01-27T10:50:47 IST" duration-ms="7549" status="PASS">
          <reporter-output>
          </reporter-output>
        </test-method> <!-- launchBrowser -->
        <test-method is-config="true" signature="afterSuite()[pri:0, instance:OrangeHRMTestNG.OrangeHRMAdmin@2925bf5b]" started-at="2023-01-27T10:57:25 IST" name="afterSuite" finished-at="2023-01-27T10:57:26 IST" duration-ms="225" status="PASS">
          <reporter-output>
          </reporter-output>
        </test-method> <!-- afterSuite -->
      </class> <!-- OrangeHRMTestNG.OrangeHRMAdmin -->
      <class name="OrangeHRMTestNG.OrangeHRMEmployee">
        <test-method is-config="true" signature="launchBrowser()[pri:0, instance:OrangeHRMTestNG.OrangeHRMEmployee@291caca8]" started-at="2023-01-27T10:50:47 IST" name="launchBrowser" finished-at="2023-01-27T10:50:49 IST" duration-ms="1853" status="PASS">
          <reporter-output>
          </reporter-output>
        </test-method> <!-- launchBrowser -->
        <test-method is-config="true" signature="afterSuite()[pri:0, instance:OrangeHRMTestNG.OrangeHRMEmployee@291caca8]" started-at="2023-01-27T10:57:26 IST" name="afterSuite" finished-at="2023-01-27T10:57:26 IST" duration-ms="165" status="PASS">
          <reporter-output>
          </reporter-output>
        </test-method> <!-- afterSuite -->
      </class> <!-- OrangeHRMTestNG.OrangeHRMEmployee -->
      <class name="OrangeHRMTestNG.OrangeHRMSupervisor">
        <test-method is-config="true" signature="launchBrowser()[pri:0, instance:OrangeHRMTestNG.OrangeHRMSupervisor@1f59a598]" started-at="2023-01-27T10:50:49 IST" name="launchBrowser" finished-at="2023-01-27T10:50:51 IST" duration-ms="2205" status="PASS">
          <reporter-output>
          </reporter-output>
        </test-method> <!-- launchBrowser -->
        <test-method signature="Supervisor()[pri:0, instance:OrangeHRMTestNG.OrangeHRMSupervisor@1f59a598]" started-at="2023-01-27T10:56:08 IST" name="Supervisor" finished-at="2023-01-27T10:57:20 IST" duration-ms="72417" status="PASS">
          <reporter-output>
          </reporter-output>
        </test-method> <!-- Supervisor -->
        <test-method signature="verifyHomepageTitle()[pri:0, instance:OrangeHRMTestNG.OrangeHRMSupervisor@1f59a598]" started-at="2023-01-27T10:57:20 IST" name="verifyHomepageTitle" finished-at="2023-01-27T10:57:20 IST" duration-ms="12" status="PASS">
          <reporter-output>
          </reporter-output>
        </test-method> <!-- verifyHomepageTitle -->
        <test-method is-config="true" signature="afterSuite()[pri:0, instance:OrangeHRMTestNG.OrangeHRMSupervisor@1f59a598]" started-at="2023-01-27T10:57:26 IST" name="afterSuite" finished-at="2023-01-27T10:57:26 IST" duration-ms="161" status="PASS">
          <reporter-output>
          </reporter-output>
        </test-method> <!-- afterSuite -->
      </class> <!-- OrangeHRMTestNG.OrangeHRMSupervisor -->
    </test> <!-- Test3 -->
  </suite> <!-- Suite -->
</testng-results>
